<?xml version="1.0" encoding="UTF-8"?>
<!-- Generated by org.testng.reporters.JUnitReportReporter -->
<testsuite hostname="LAPTOP-S9EA3BHA" failures="0" tests="1" name="TestNG.GmailTest1" time="0.013" errors="0" timestamp="2024-08-28T19:50:57 IST" skipped="0">
  <testcase classname="TestNG.GmailTest1" name="demo" time="0.013"/>
</testsuite> <!-- TestNG.GmailTest1 -->
