<?xml version="1.0" encoding="UTF-8"?>
<!-- Generated by org.testng.reporters.JUnitReportReporter -->
<testsuite hostname="LAPTOP-S9EA3BHA" failures="0" tests="4" name="TestNG.DataProviderTest" time="0.118" errors="0" timestamp="2024-08-28T19:50:57 IST" skipped="0">
  <testcase classname="TestNG.DataProviderTest" name="trainer" time="0.016"/>
  <testcase classname="TestNG.DataProviderTest" name="trainer" time="0.004"/>
  <testcase classname="TestNG.DataProviderTest" name="trainer" time="0.003"/>
  <testcase classname="TestNG.DataProviderTest" name="trainer" time="0.095"/>
</testsuite> <!-- TestNG.DataProviderTest -->
