<?xml version="1.0" encoding="UTF-8"?>
<!-- Generated by org.testng.reporters.JUnitReportReporter -->
<testsuite hostname="LAPTOP-S9EA3BHA" failures="0" tests="3" name="TestNG.DisableTestScript" time="0.004" errors="0" timestamp="2024-08-28T19:50:57 IST" skipped="1">
  <testcase classname="TestNG.DisableTestScript" name="qspider" time="0.003"/>
  <testcase classname="TestNG.DisableTestScript" name="spyspider" time="0.001"/>
  <testcase classname="TestNG.DisableTestScript" name="jspider">
    <skipped/>
  </testcase> <!-- jspider -->
</testsuite> <!-- TestNG.DisableTestScript -->
